<?xml version="1.0" encoding="UTF-8"?>
<testng-results ignored="0" total="1" passed="1" failed="0" skipped="0">
  <reporter-output>
    <line>
      <![CDATA[CreateCustomer]]>
    </line>
  </reporter-output>
  <suite started-at="2024-09-12T18:38:15 IST" name="Default suite" finished-at="2024-09-12T18:38:15 IST" duration-ms="139">
    <groups>
    </groups>
    <test started-at="2024-09-12T18:38:15 IST" name="Default test" finished-at="2024-09-12T18:38:15 IST" duration-ms="139">
      <class name="com.zoho.testscript.CampaignModule">
        <test-method signature="CreateCustomer()[pri:0, instance:com.zoho.testscript.CampaignModule@6253c26]" started-at="2024-09-12T18:38:15 IST" name="CreateCustomer" finished-at="2024-09-12T18:38:15 IST" duration-ms="27" status="PASS">
          <reporter-output>
            <line>
              <![CDATA[CreateCustomer]]>
            </line>
          </reporter-output>
        </test-method> <!-- CreateCustomer -->
      </class> <!-- com.zoho.testscript.CampaignModule -->
    </test> <!-- Default test -->
  </suite> <!-- Default suite -->
</testng-results>
